2022-03-27-09:55:29 /Users/niruoshangzaichang/open-source-project/Xlog/test/test.js 【第33行】==> 哎呀
2022-03-27-09:55:29 /Users/niruoshangzaichang/open-source-project/Xlog/test/test.js 【第33行】==> 哎呀
2022-03-27-09:55:30 /Users/niruoshangzaichang/open-source-project/Xlog/test/test.js 【第33行】==> 哎呀
2022-03-27-09:55:30 /Users/niruoshangzaichang/open-source-project/Xlog/test/test.js 【第33行】==> 哎呀
2022-03-27-09:55:30 /Users/niruoshangzaichang/open-source-project/Xlog/test/test.js 【第33行】==> 哎呀
2022-03-27-09:55:31 /Users/niruoshangzaichang/open-source-project/Xlog/test/test.js 【第33行】==> 哎呀
2022-03-27-09:55:31 /Users/niruoshangzaichang/open-source-project/Xlog/test/test.js 【第33行】==> 哎呀
2022-03-27-09:55:31 /Users/niruoshangzaichang/open-source-project/Xlog/test/test.js 【第33行】==> 哎呀
2022-03-27-09:55:31 /Users/niruoshangzaichang/open-source-project/Xlog/test/test.js 【第33行】==> 哎呀
2022-03-27-10:01:25 /Users/niruoshangzaichang/open-source-project/Xlog/test/test.js 【第33行】==> 哎呀
2022-03-27-10:01:26 /Users/niruoshangzaichang/open-source-project/Xlog/test/test.js 【第33行】==> 哎呀
2022-03-27-10:01:27 /Users/niruoshangzaichang/open-source-project/Xlog/test/test.js 【第33行】==> 哎呀
2022-03-27-10:01:28 /Users/niruoshangzaichang/open-source-project/Xlog/test/test.js 【第33行】==> 哎呀
2022-03-27-10:01:29 /Users/niruoshangzaichang/open-source-project/Xlog/test/test.js 【第33行】==> 哎呀
2022-03-27-10:15:18 /Users/niruoshangzaichang/open-source-project/Xlog/test/test.js 【第33行】==> 哎呀
2022-03-27-10:15:52 /Users/niruoshangzaichang/open-source-project/Xlog/test/test.js 【第33行】==> 哎呀
2022-03-27-10:15:53 /Users/niruoshangzaichang/open-source-project/Xlog/test/test.js 【第33行】==> 哎呀
2022-03-27-10:15:53 /Users/niruoshangzaichang/open-source-project/Xlog/test/test.js 【第33行】==> 哎呀
2022-03-27-10:15:53 /Users/niruoshangzaichang/open-source-project/Xlog/test/test.js 【第33行】==> 哎呀
2022-03-27-10:15:53 /Users/niruoshangzaichang/open-source-project/Xlog/test/test.js 【第33行】==> 哎呀
2022-03-27-10:15:54 /Users/niruoshangzaichang/open-source-project/Xlog/test/test.js 【第33行】==> 哎呀
2022-03-27-10:15:54 /Users/niruoshangzaichang/open-source-project/Xlog/test/test.js 【第33行】==> 哎呀
2022-03-27-10:15:54 /Users/niruoshangzaichang/open-source-project/Xlog/test/test.js 【第33行】==> 哎呀
2022-03-27-10:15:55 /Users/niruoshangzaichang/open-source-project/Xlog/test/test.js 【第33行】==> 哎呀
2022-03-27-10:17:45 /Users/niruoshangzaichang/open-source-project/Xlog/test/test.js 【第33行】==> 哎呀
2022-03-27-10:17:48 /Users/niruoshangzaichang/open-source-project/Xlog/test/test.js 【第33行】==> 哎呀
2022-03-27-10:18:58 /Users/niruoshangzaichang/open-source-project/Xlog/test/test.js 【第33行】==> 哎呀
2022-03-27-10:18:58 /Users/niruoshangzaichang/open-source-project/Xlog/test/test.js 【第33行】==> 哎呀
2022-03-27-10:18:59 /Users/niruoshangzaichang/open-source-project/Xlog/test/test.js 【第33行】==> 哎呀
2022-03-27-10:18:59 /Users/niruoshangzaichang/open-source-project/Xlog/test/test.js 【第33行】==> 哎呀
2022-03-27-10:18:59 /Users/niruoshangzaichang/open-source-project/Xlog/test/test.js 【第33行】==> 哎呀
2022-03-27-10:19:00 /Users/niruoshangzaichang/open-source-project/Xlog/test/test.js 【第33行】==> 哎呀
2022-03-27-10:19:00 /Users/niruoshangzaichang/open-source-project/Xlog/test/test.js 【第33行】==> 哎呀
2022-03-27-10:19:01 /Users/niruoshangzaichang/open-source-project/Xlog/test/test.js 【第33行】==> 哎呀
2022-03-27-11:27:08 /Users/niruoshangzaichang/open-source-project/Xlog/test/test.js 【第33行】==> 哎asdas呀asd
2022-03-27-11:27:08 /Users/niruoshangzaichang/open-source-project/Xlog/test/test.js 【第34行】==> [{a: 1}, {b: 2}]
2022-03-27-11:27:08 /Users/niruoshangzaichang/open-source-project/Xlog/test/test.js 【第33行】==> 哎asdas呀asd
2022-03-27-11:27:08 /Users/niruoshangzaichang/open-source-project/Xlog/test/test.js 【第34行】==> [{a: 1}, {b: 2}]
2022-03-27-11:27:09 /Users/niruoshangzaichang/open-source-project/Xlog/test/test.js 【第33行】==> 哎asdas呀asd
2022-03-27-11:27:09 /Users/niruoshangzaichang/open-source-project/Xlog/test/test.js 【第34行】==> [{a: 1}, {b: 2}]
2022-03-27-11:27:09 /Users/niruoshangzaichang/open-source-project/Xlog/test/test.js 【第33行】==> 哎asdas呀asd
2022-03-27-11:27:09 /Users/niruoshangzaichang/open-source-project/Xlog/test/test.js 【第34行】==> [{a: 1}, {b: 2}]
2022-03-27-11:27:09 /Users/niruoshangzaichang/open-source-project/Xlog/test/test.js 【第33行】==> 哎asdas呀asd
2022-03-27-11:27:09 /Users/niruoshangzaichang/open-source-project/Xlog/test/test.js 【第34行】==> [{a: 1}, {b: 2}]
2022-03-27-11:27:10 /Users/niruoshangzaichang/open-source-project/Xlog/test/test.js 【第33行】==> 哎asdas呀asd
2022-03-27-11:27:10 /Users/niruoshangzaichang/open-source-project/Xlog/test/test.js 【第34行】==> [{a: 1}, {b: 2}]
2022-03-27-11:27:10 /Users/niruoshangzaichang/open-source-project/Xlog/test/test.js 【第33行】==> 哎asdas呀asd
2022-03-27-11:27:10 /Users/niruoshangzaichang/open-source-project/Xlog/test/test.js 【第34行】==> [{a: 1}, {b: 2}]
2022-03-27-11:27:10 /Users/niruoshangzaichang/open-source-project/Xlog/test/test.js 【第33行】==> 哎asdas呀asd
2022-03-27-11:27:10 /Users/niruoshangzaichang/open-source-project/Xlog/test/test.js 【第34行】==> [{a: 1}, {b: 2}]
2022-03-27-11:27:10 /Users/niruoshangzaichang/open-source-project/Xlog/test/test.js 【第33行】==> 哎asdas呀asd
2022-03-27-11:27:10 /Users/niruoshangzaichang/open-source-project/Xlog/test/test.js 【第34行】==> [{a: 1}, {b: 2}]
2022-03-27-11:37:40 /Users/niruoshangzaichang/open-source-project/Xlog/test/test.js 【第33行】==> 哎asdas呀asd
2022-03-27-11:37:40 /Users/niruoshangzaichang/open-source-project/Xlog/test/test.js 【第34行】==> [{a: 1}, {b: 2}]0
2022-03-27-11:37:53 /Users/niruoshangzaichang/open-source-project/Xlog/test/test.js 【第33行】==> 哎asdas呀asd
2022-03-27-11:37:54 /Users/niruoshangzaichang/open-source-project/Xlog/test/test.js 【第44行】==> [{a: 1}, {b: 2}]0
2022-03-27-11:37:55 /Users/niruoshangzaichang/open-source-project/Xlog/test/test.js 【第44行】==> [{a: 1}, {b: 2}]0
2022-03-27-11:37:56 /Users/niruoshangzaichang/open-source-project/Xlog/test/test.js 【第44行】==> [{a: 1}, {b: 2}]0
2022-03-27-11:37:57 /Users/niruoshangzaichang/open-source-project/Xlog/test/test.js 【第44行】==> [{a: 1}, {b: 2}]0
2022-03-27-11:37:58 /Users/niruoshangzaichang/open-source-project/Xlog/test/test.js 【第44行】==> [{a: 1}, {b: 2}]0
2022-03-27-11:37:59 /Users/niruoshangzaichang/open-source-project/Xlog/test/test.js 【第44行】==> [{a: 1}, {b: 2}]0
2022-03-27-11:38:00 /Users/niruoshangzaichang/open-source-project/Xlog/test/test.js 【第44行】==> [{a: 1}, {b: 2}]0
2022-03-27-11:38:01 /Users/niruoshangzaichang/open-source-project/Xlog/test/test.js 【第44行】==> [{a: 1}, {b: 2}]0
2022-03-27-11:38:02 /Users/niruoshangzaichang/open-source-project/Xlog/test/test.js 【第44行】==> [{a: 1}, {b: 2}]0
2022-03-27-11:38:03 /Users/niruoshangzaichang/open-source-project/Xlog/test/test.js 【第44行】==> [{a: 1}, {b: 2}]0
2022-03-27-11:38:04 /Users/niruoshangzaichang/open-source-project/Xlog/test/test.js 【第44行】==> [{a: 1}, {b: 2}]0
2022-03-27-11:38:05 /Users/niruoshangzaichang/open-source-project/Xlog/test/test.js 【第44行】==> [{a: 1}, {b: 2}]0
2022-03-27-11:38:06 /Users/niruoshangzaichang/open-source-project/Xlog/test/test.js 【第44行】==> [{a: 1}, {b: 2}]0
2022-03-27-11:38:07 /Users/niruoshangzaichang/open-source-project/Xlog/test/test.js 【第44行】==> [{a: 1}, {b: 2}]0
2022-03-27-11:38:08 /Users/niruoshangzaichang/open-source-project/Xlog/test/test.js 【第44行】==> [{a: 1}, {b: 2}]0
2022-03-27-11:38:09 /Users/niruoshangzaichang/open-source-project/Xlog/test/test.js 【第44行】==> [{a: 1}, {b: 2}]0
2022-03-27-11:38:10 /Users/niruoshangzaichang/open-source-project/Xlog/test/test.js 【第44行】==> [{a: 1}, {b: 2}]0
2022-03-27-11:38:11 /Users/niruoshangzaichang/open-source-project/Xlog/test/test.js 【第44行】==> [{a: 1}, {b: 2}]0
2022-03-27-11:38:12 /Users/niruoshangzaichang/open-source-project/Xlog/test/test.js 【第44行】==> [{a: 1}, {b: 2}]0
2022-03-27-11:38:13 /Users/niruoshangzaichang/open-source-project/Xlog/test/test.js 【第44行】==> [{a: 1}, {b: 2}]0
2022-03-27-11:38:14 /Users/niruoshangzaichang/open-source-project/Xlog/test/test.js 【第44行】==> [{a: 1}, {b: 2}]0
2022-03-27-11:38:15 /Users/niruoshangzaichang/open-source-project/Xlog/test/test.js 【第44行】==> [{a: 1}, {b: 2}]0
2022-03-27-11:38:16 /Users/niruoshangzaichang/open-source-project/Xlog/test/test.js 【第44行】==> [{a: 1}, {b: 2}]0
2022-03-27-11:38:17 /Users/niruoshangzaichang/open-source-project/Xlog/test/test.js 【第44行】==> [{a: 1}, {b: 2}]0
2022-03-27-11:38:18 /Users/niruoshangzaichang/open-source-project/Xlog/test/test.js 【第44行】==> [{a: 1}, {b: 2}]0
2022-03-27-11:38:19 /Users/niruoshangzaichang/open-source-project/Xlog/test/test.js 【第44行】==> [{a: 1}, {b: 2}]0
2022-03-27-11:38:20 /Users/niruoshangzaichang/open-source-project/Xlog/test/test.js 【第44行】==> [{a: 1}, {b: 2}]0
2022-03-27-11:38:21 /Users/niruoshangzaichang/open-source-project/Xlog/test/test.js 【第44行】==> [{a: 1}, {b: 2}]0
2022-03-27-11:38:22 /Users/niruoshangzaichang/open-source-project/Xlog/test/test.js 【第44行】==> [{a: 1}, {b: 2}]0
2022-03-27-11:38:23 /Users/niruoshangzaichang/open-source-project/Xlog/test/test.js 【第44行】==> [{a: 1}, {b: 2}]0
2022-03-27-11:38:24 /Users/niruoshangzaichang/open-source-project/Xlog/test/test.js 【第44行】==> [{a: 1}, {b: 2}]0
2022-03-27-11:38:25 /Users/niruoshangzaichang/open-source-project/Xlog/test/test.js 【第44行】==> [{a: 1}, {b: 2}]0
2022-03-27-11:38:26 /Users/niruoshangzaichang/open-source-project/Xlog/test/test.js 【第44行】==> [{a: 1}, {b: 2}]0
2022-03-27-11:38:27 /Users/niruoshangzaichang/open-source-project/Xlog/test/test.js 【第44行】==> [{a: 1}, {b: 2}]0
2022-03-27-11:38:28 /Users/niruoshangzaichang/open-source-project/Xlog/test/test.js 【第44行】==> [{a: 1}, {b: 2}]0
2022-03-27-11:38:29 /Users/niruoshangzaichang/open-source-project/Xlog/test/test.js 【第44行】==> [{a: 1}, {b: 2}]0
2022-03-27-11:38:30 /Users/niruoshangzaichang/open-source-project/Xlog/test/test.js 【第44行】==> [{a: 1}, {b: 2}]0
2022-03-27-11:38:31 /Users/niruoshangzaichang/open-source-project/Xlog/test/test.js 【第44行】==> [{a: 1}, {b: 2}]0
2022-03-27-11:38:32 /Users/niruoshangzaichang/open-source-project/Xlog/test/test.js 【第44行】==> [{a: 1}, {b: 2}]0
2022-03-27-11:38:33 /Users/niruoshangzaichang/open-source-project/Xlog/test/test.js 【第44行】==> [{a: 1}, {b: 2}]0
2022-03-27-11:38:34 /Users/niruoshangzaichang/open-source-project/Xlog/test/test.js 【第44行】==> [{a: 1}, {b: 2}]0
2022-03-27-11:38:35 /Users/niruoshangzaichang/open-source-project/Xlog/test/test.js 【第44行】==> [{a: 1}, {b: 2}]0
2022-03-27-11:38:36 /Users/niruoshangzaichang/open-source-project/Xlog/test/test.js 【第44行】==> [{a: 1}, {b: 2}]0
2022-03-27-11:38:37 /Users/niruoshangzaichang/open-source-project/Xlog/test/test.js 【第44行】==> [{a: 1}, {b: 2}]0
2022-03-27-11:38:38 /Users/niruoshangzaichang/open-source-project/Xlog/test/test.js 【第44行】==> [{a: 1}, {b: 2}]0
2022-03-27-11:38:39 /Users/niruoshangzaichang/open-source-project/Xlog/test/test.js 【第44行】==> [{a: 1}, {b: 2}]0
2022-03-27-11:38:40 /Users/niruoshangzaichang/open-source-project/Xlog/test/test.js 【第44行】==> [{a: 1}, {b: 2}]0
2022-03-27-11:38:41 /Users/niruoshangzaichang/open-source-project/Xlog/test/test.js 【第44行】==> [{a: 1}, {b: 2}]0
2022-03-27-11:38:42 /Users/niruoshangzaichang/open-source-project/Xlog/test/test.js 【第44行】==> [{a: 1}, {b: 2}]0
2022-03-27-11:38:43 /Users/niruoshangzaichang/open-source-project/Xlog/test/test.js 【第44行】==> [{a: 1}, {b: 2}]0
2022-03-27-11:38:44 /Users/niruoshangzaichang/open-source-project/Xlog/test/test.js 【第44行】==> [{a: 1}, {b: 2}]0
2022-03-27-11:38:45 /Users/niruoshangzaichang/open-source-project/Xlog/test/test.js 【第44行】==> [{a: 1}, {b: 2}]0
2022-03-27-11:38:46 /Users/niruoshangzaichang/open-source-project/Xlog/test/test.js 【第44行】==> [{a: 1}, {b: 2}]0
2022-03-27-11:38:47 /Users/niruoshangzaichang/open-source-project/Xlog/test/test.js 【第44行】==> [{a: 1}, {b: 2}]0
2022-03-27-11:38:48 /Users/niruoshangzaichang/open-source-project/Xlog/test/test.js 【第44行】==> [{a: 1}, {b: 2}]0
2022-03-27-11:38:49 /Users/niruoshangzaichang/open-source-project/Xlog/test/test.js 【第44行】==> [{a: 1}, {b: 2}]0
2022-03-27-11:38:50 /Users/niruoshangzaichang/open-source-project/Xlog/test/test.js 【第44行】==> [{a: 1}, {b: 2}]0
2022-03-27-11:38:51 /Users/niruoshangzaichang/open-source-project/Xlog/test/test.js 【第44行】==> [{a: 1}, {b: 2}]0
2022-03-27-11:38:52 /Users/niruoshangzaichang/open-source-project/Xlog/test/test.js 【第44行】==> [{a: 1}, {b: 2}]0
2022-03-27-11:38:53 /Users/niruoshangzaichang/open-source-project/Xlog/test/test.js 【第44行】==> [{a: 1}, {b: 2}]0
2022-03-27-11:38:54 /Users/niruoshangzaichang/open-source-project/Xlog/test/test.js 【第44行】==> [{a: 1}, {b: 2}]0
2022-03-27-11:38:55 /Users/niruoshangzaichang/open-source-project/Xlog/test/test.js 【第44行】==> [{a: 1}, {b: 2}]0
2022-03-27-11:38:56 /Users/niruoshangzaichang/open-source-project/Xlog/test/test.js 【第44行】==> [{a: 1}, {b: 2}]0
2022-03-27-11:38:57 /Users/niruoshangzaichang/open-source-project/Xlog/test/test.js 【第44行】==> [{a: 1}, {b: 2}]0
2022-03-27-11:38:58 /Users/niruoshangzaichang/open-source-project/Xlog/test/test.js 【第44行】==> [{a: 1}, {b: 2}]0
2022-03-27-11:38:59 /Users/niruoshangzaichang/open-source-project/Xlog/test/test.js 【第44行】==> [{a: 1}, {b: 2}]0
2022-03-27-11:39:00 /Users/niruoshangzaichang/open-source-project/Xlog/test/test.js 【第44行】==> [{a: 1}, {b: 2}]0
2022-03-27-11:39:01 /Users/niruoshangzaichang/open-source-project/Xlog/test/test.js 【第44行】==> [{a: 1}, {b: 2}]0
2022-03-27-11:39:02 /Users/niruoshangzaichang/open-source-project/Xlog/test/test.js 【第44行】==> [{a: 1}, {b: 2}]0
2022-03-27-11:39:03 /Users/niruoshangzaichang/open-source-project/Xlog/test/test.js 【第44行】==> [{a: 1}, {b: 2}]0
2022-03-27-11:39:04 /Users/niruoshangzaichang/open-source-project/Xlog/test/test.js 【第44行】==> [{a: 1}, {b: 2}]0
2022-03-27-11:39:05 /Users/niruoshangzaichang/open-source-project/Xlog/test/test.js 【第44行】==> [{a: 1}, {b: 2}]0
2022-03-27-11:39:06 /Users/niruoshangzaichang/open-source-project/Xlog/test/test.js 【第44行】==> [{a: 1}, {b: 2}]0
2022-03-27-11:39:07 /Users/niruoshangzaichang/open-source-project/Xlog/test/test.js 【第44行】==> [{a: 1}, {b: 2}]0
2022-03-27-11:39:08 /Users/niruoshangzaichang/open-source-project/Xlog/test/test.js 【第44行】==> [{a: 1}, {b: 2}]0
2022-03-27-11:39:09 /Users/niruoshangzaichang/open-source-project/Xlog/test/test.js 【第44行】==> [{a: 1}, {b: 2}]0
2022-03-27-11:39:10 /Users/niruoshangzaichang/open-source-project/Xlog/test/test.js 【第44行】==> [{a: 1}, {b: 2}]0
2022-03-27-11:39:11 /Users/niruoshangzaichang/open-source-project/Xlog/test/test.js 【第44行】==> [{a: 1}, {b: 2}]0
2022-03-27-11:39:12 /Users/niruoshangzaichang/open-source-project/Xlog/test/test.js 【第44行】==> [{a: 1}, {b: 2}]0
2022-03-27-11:39:13 /Users/niruoshangzaichang/open-source-project/Xlog/test/test.js 【第44行】==> [{a: 1}, {b: 2}]0
2022-03-27-11:39:14 /Users/niruoshangzaichang/open-source-project/Xlog/test/test.js 【第44行】==> [{a: 1}, {b: 2}]0
2022-03-27-11:39:15 /Users/niruoshangzaichang/open-source-project/Xlog/test/test.js 【第44行】==> [{a: 1}, {b: 2}]0
2022-03-27-11:39:16 /Users/niruoshangzaichang/open-source-project/Xlog/test/test.js 【第44行】==> [{a: 1}, {b: 2}]0
2022-03-27-11:39:17 /Users/niruoshangzaichang/open-source-project/Xlog/test/test.js 【第44行】==> [{a: 1}, {b: 2}]0
2022-03-27-11:39:18 /Users/niruoshangzaichang/open-source-project/Xlog/test/test.js 【第44行】==> [{a: 1}, {b: 2}]0
2022-03-27-11:39:19 /Users/niruoshangzaichang/open-source-project/Xlog/test/test.js 【第44行】==> [{a: 1}, {b: 2}]0
2022-03-27-11:39:20 /Users/niruoshangzaichang/open-source-project/Xlog/test/test.js 【第44行】==> [{a: 1}, {b: 2}]0
2022-03-27-11:39:21 /Users/niruoshangzaichang/open-source-project/Xlog/test/test.js 【第44行】==> [{a: 1}, {b: 2}]0
2022-03-27-11:39:22 /Users/niruoshangzaichang/open-source-project/Xlog/test/test.js 【第44行】==> [{a: 1}, {b: 2}]0
2022-03-27-11:39:23 /Users/niruoshangzaichang/open-source-project/Xlog/test/test.js 【第44行】==> [{a: 1}, {b: 2}]0
2022-03-27-11:39:24 /Users/niruoshangzaichang/open-source-project/Xlog/test/test.js 【第44行】==> [{a: 1}, {b: 2}]0
2022-03-27-11:39:25 /Users/niruoshangzaichang/open-source-project/Xlog/test/test.js 【第44行】==> [{a: 1}, {b: 2}]0
2022-03-27-11:39:26 /Users/niruoshangzaichang/open-source-project/Xlog/test/test.js 【第44行】==> [{a: 1}, {b: 2}]0
2022-03-27-11:39:27 /Users/niruoshangzaichang/open-source-project/Xlog/test/test.js 【第44行】==> [{a: 1}, {b: 2}]0
2022-03-27-11:39:28 /Users/niruoshangzaichang/open-source-project/Xlog/test/test.js 【第44行】==> [{a: 1}, {b: 2}]0
2022-03-27-11:39:29 /Users/niruoshangzaichang/open-source-project/Xlog/test/test.js 【第44行】==> [{a: 1}, {b: 2}]0
2022-03-27-11:39:30 /Users/niruoshangzaichang/open-source-project/Xlog/test/test.js 【第44行】==> [{a: 1}, {b: 2}]0
2022-03-27-11:39:31 /Users/niruoshangzaichang/open-source-project/Xlog/test/test.js 【第44行】==> [{a: 1}, {b: 2}]0
2022-03-27-11:39:32 /Users/niruoshangzaichang/open-source-project/Xlog/test/test.js 【第44行】==> [{a: 1}, {b: 2}]0
2022-03-27-11:39:33 /Users/niruoshangzaichang/open-source-project/Xlog/test/test.js 【第44行】==> [{a: 1}, {b: 2}]0
2022-03-27-11:39:34 /Users/niruoshangzaichang/open-source-project/Xlog/test/test.js 【第44行】==> [{a: 1}, {b: 2}]0
2022-03-27-11:39:35 /Users/niruoshangzaichang/open-source-project/Xlog/test/test.js 【第44行】==> [{a: 1}, {b: 2}]0
2022-03-27-11:39:36 /Users/niruoshangzaichang/open-source-project/Xlog/test/test.js 【第44行】==> [{a: 1}, {b: 2}]0
2022-03-27-11:39:37 /Users/niruoshangzaichang/open-source-project/Xlog/test/test.js 【第44行】==> [{a: 1}, {b: 2}]0
2022-03-27-11:39:38 /Users/niruoshangzaichang/open-source-project/Xlog/test/test.js 【第44行】==> [{a: 1}, {b: 2}]0
2022-03-27-11:39:39 /Users/niruoshangzaichang/open-source-project/Xlog/test/test.js 【第44行】==> [{a: 1}, {b: 2}]0
2022-03-27-11:39:40 /Users/niruoshangzaichang/open-source-project/Xlog/test/test.js 【第44行】==> [{a: 1}, {b: 2}]0
2022-03-27-11:39:41 /Users/niruoshangzaichang/open-source-project/Xlog/test/test.js 【第44行】==> [{a: 1}, {b: 2}]0
2022-03-27-11:39:42 /Users/niruoshangzaichang/open-source-project/Xlog/test/test.js 【第44行】==> [{a: 1}, {b: 2}]0
2022-03-27-11:39:43 /Users/niruoshangzaichang/open-source-project/Xlog/test/test.js 【第44行】==> [{a: 1}, {b: 2}]0
2022-03-27-11:39:44 /Users/niruoshangzaichang/open-source-project/Xlog/test/test.js 【第44行】==> [{a: 1}, {b: 2}]0
2022-03-27-11:39:45 /Users/niruoshangzaichang/open-source-project/Xlog/test/test.js 【第44行】==> [{a: 1}, {b: 2}]0
2022-03-27-11:39:46 /Users/niruoshangzaichang/open-source-project/Xlog/test/test.js 【第44行】==> [{a: 1}, {b: 2}]0
2022-03-27-11:39:47 /Users/niruoshangzaichang/open-source-project/Xlog/test/test.js 【第44行】==> [{a: 1}, {b: 2}]0
2022-03-27-11:39:48 /Users/niruoshangzaichang/open-source-project/Xlog/test/test.js 【第44行】==> [{a: 1}, {b: 2}]0
2022-03-27-11:39:49 /Users/niruoshangzaichang/open-source-project/Xlog/test/test.js 【第44行】==> [{a: 1}, {b: 2}]0
2022-03-27-11:39:50 /Users/niruoshangzaichang/open-source-project/Xlog/test/test.js 【第44行】==> [{a: 1}, {b: 2}]0
2022-03-27-11:39:51 /Users/niruoshangzaichang/open-source-project/Xlog/test/test.js 【第44行】==> [{a: 1}, {b: 2}]0
2022-03-27-11:39:52 /Users/niruoshangzaichang/open-source-project/Xlog/test/test.js 【第44行】==> [{a: 1}, {b: 2}]0
2022-03-27-11:39:53 /Users/niruoshangzaichang/open-source-project/Xlog/test/test.js 【第44行】==> [{a: 1}, {b: 2}]0
2022-03-27-11:39:54 /Users/niruoshangzaichang/open-source-project/Xlog/test/test.js 【第44行】==> [{a: 1}, {b: 2}]0
2022-03-27-11:39:55 /Users/niruoshangzaichang/open-source-project/Xlog/test/test.js 【第44行】==> [{a: 1}, {b: 2}]0
2022-03-27-11:39:56 /Users/niruoshangzaichang/open-source-project/Xlog/test/test.js 【第44行】==> [{a: 1}, {b: 2}]0
2022-03-27-11:39:57 /Users/niruoshangzaichang/open-source-project/Xlog/test/test.js 【第44行】==> [{a: 1}, {b: 2}]0
2022-03-27-11:39:58 /Users/niruoshangzaichang/open-source-project/Xlog/test/test.js 【第44行】==> [{a: 1}, {b: 2}]0
2022-03-27-11:39:59 /Users/niruoshangzaichang/open-source-project/Xlog/test/test.js 【第44行】==> [{a: 1}, {b: 2}]0
2022-03-27-11:40:00 /Users/niruoshangzaichang/open-source-project/Xlog/test/test.js 【第44行】==> [{a: 1}, {b: 2}]0
2022-03-27-11:40:01 /Users/niruoshangzaichang/open-source-project/Xlog/test/test.js 【第44行】==> [{a: 1}, {b: 2}]0
2022-03-27-11:40:02 /Users/niruoshangzaichang/open-source-project/Xlog/test/test.js 【第44行】==> [{a: 1}, {b: 2}]0
2022-03-27-11:40:03 /Users/niruoshangzaichang/open-source-project/Xlog/test/test.js 【第44行】==> [{a: 1}, {b: 2}]0
2022-03-27-11:40:04 /Users/niruoshangzaichang/open-source-project/Xlog/test/test.js 【第44行】==> [{a: 1}, {b: 2}]0
2022-03-27-11:40:05 /Users/niruoshangzaichang/open-source-project/Xlog/test/test.js 【第44行】==> [{a: 1}, {b: 2}]0
2022-03-27-11:40:06 /Users/niruoshangzaichang/open-source-project/Xlog/test/test.js 【第44行】==> [{a: 1}, {b: 2}]0
2022-03-27-11:40:07 /Users/niruoshangzaichang/open-source-project/Xlog/test/test.js 【第44行】==> [{a: 1}, {b: 2}]0
2022-03-27-11:40:08 /Users/niruoshangzaichang/open-source-project/Xlog/test/test.js 【第44行】==> [{a: 1}, {b: 2}]0
2022-03-27-11:40:09 /Users/niruoshangzaichang/open-source-project/Xlog/test/test.js 【第44行】==> [{a: 1}, {b: 2}]0
2022-03-27-11:40:10 /Users/niruoshangzaichang/open-source-project/Xlog/test/test.js 【第44行】==> [{a: 1}, {b: 2}]0
2022-03-27-11:40:11 /Users/niruoshangzaichang/open-source-project/Xlog/test/test.js 【第44行】==> [{a: 1}, {b: 2}]0
2022-03-27-11:40:12 /Users/niruoshangzaichang/open-source-project/Xlog/test/test.js 【第44行】==> [{a: 1}, {b: 2}]0
2022-03-27-11:40:13 /Users/niruoshangzaichang/open-source-project/Xlog/test/test.js 【第44行】==> [{a: 1}, {b: 2}]0
2022-03-27-11:40:14 /Users/niruoshangzaichang/open-source-project/Xlog/test/test.js 【第44行】==> [{a: 1}, {b: 2}]0
2022-03-27-11:40:15 /Users/niruoshangzaichang/open-source-project/Xlog/test/test.js 【第44行】==> [{a: 1}, {b: 2}]0
2022-03-27-11:40:16 /Users/niruoshangzaichang/open-source-project/Xlog/test/test.js 【第44行】==> [{a: 1}, {b: 2}]0
2022-03-27-11:40:17 /Users/niruoshangzaichang/open-source-project/Xlog/test/test.js 【第44行】==> [{a: 1}, {b: 2}]0
2022-03-27-11:40:18 /Users/niruoshangzaichang/open-source-project/Xlog/test/test.js 【第44行】==> [{a: 1}, {b: 2}]0
2022-03-27-11:40:19 /Users/niruoshangzaichang/open-source-project/Xlog/test/test.js 【第44行】==> [{a: 1}, {b: 2}]0
2022-03-27-11:40:20 /Users/niruoshangzaichang/open-source-project/Xlog/test/test.js 【第44行】==> [{a: 1}, {b: 2}]0
2022-03-27-11:40:21 /Users/niruoshangzaichang/open-source-project/Xlog/test/test.js 【第44行】==> [{a: 1}, {b: 2}]0
2022-03-27-11:40:22 /Users/niruoshangzaichang/open-source-project/Xlog/test/test.js 【第44行】==> [{a: 1}, {b: 2}]0
2022-03-27-11:40:23 /Users/niruoshangzaichang/open-source-project/Xlog/test/test.js 【第44行】==> [{a: 1}, {b: 2}]0
2022-03-27-11:40:24 /Users/niruoshangzaichang/open-source-project/Xlog/test/test.js 【第44行】==> [{a: 1}, {b: 2}]0
2022-03-27-11:40:25 /Users/niruoshangzaichang/open-source-project/Xlog/test/test.js 【第44行】==> [{a: 1}, {b: 2}]0
2022-03-27-11:40:26 /Users/niruoshangzaichang/open-source-project/Xlog/test/test.js 【第44行】==> [{a: 1}, {b: 2}]0
2022-03-27-11:40:27 /Users/niruoshangzaichang/open-source-project/Xlog/test/test.js 【第44行】==> [{a: 1}, {b: 2}]0
2022-03-27-11:40:28 /Users/niruoshangzaichang/open-source-project/Xlog/test/test.js 【第44行】==> [{a: 1}, {b: 2}]0
2022-03-27-11:40:29 /Users/niruoshangzaichang/open-source-project/Xlog/test/test.js 【第44行】==> [{a: 1}, {b: 2}]0
2022-03-27-11:40:30 /Users/niruoshangzaichang/open-source-project/Xlog/test/test.js 【第44行】==> [{a: 1}, {b: 2}]0
2022-03-27-11:40:31 /Users/niruoshangzaichang/open-source-project/Xlog/test/test.js 【第44行】==> [{a: 1}, {b: 2}]0
2022-03-27-11:40:32 /Users/niruoshangzaichang/open-source-project/Xlog/test/test.js 【第44行】==> [{a: 1}, {b: 2}]0
2022-03-27-11:40:33 /Users/niruoshangzaichang/open-source-project/Xlog/test/test.js 【第44行】==> [{a: 1}, {b: 2}]0
2022-03-27-11:40:34 /Users/niruoshangzaichang/open-source-project/Xlog/test/test.js 【第44行】==> [{a: 1}, {b: 2}]0
2022-03-27-11:40:35 /Users/niruoshangzaichang/open-source-project/Xlog/test/test.js 【第44行】==> [{a: 1}, {b: 2}]0
2022-03-27-11:40:36 /Users/niruoshangzaichang/open-source-project/Xlog/test/test.js 【第44行】==> [{a: 1}, {b: 2}]0
2022-03-27-11:40:37 /Users/niruoshangzaichang/open-source-project/Xlog/test/test.js 【第44行】==> [{a: 1}, {b: 2}]0
2022-03-27-11:40:38 /Users/niruoshangzaichang/open-source-project/Xlog/test/test.js 【第44行】==> [{a: 1}, {b: 2}]0
2022-03-27-11:40:39 /Users/niruoshangzaichang/open-source-project/Xlog/test/test.js 【第44行】==> [{a: 1}, {b: 2}]0
2022-03-27-11:40:40 /Users/niruoshangzaichang/open-source-project/Xlog/test/test.js 【第44行】==> [{a: 1}, {b: 2}]0
2022-03-27-11:40:41 /Users/niruoshangzaichang/open-source-project/Xlog/test/test.js 【第44行】==> [{a: 1}, {b: 2}]0
2022-03-27-11:40:42 /Users/niruoshangzaichang/open-source-project/Xlog/test/test.js 【第44行】==> [{a: 1}, {b: 2}]0
2022-03-27-11:40:43 /Users/niruoshangzaichang/open-source-project/Xlog/test/test.js 【第44行】==> [{a: 1}, {b: 2}]0
2022-03-27-11:40:44 /Users/niruoshangzaichang/open-source-project/Xlog/test/test.js 【第44行】==> [{a: 1}, {b: 2}]0
2022-03-27-11:40:45 /Users/niruoshangzaichang/open-source-project/Xlog/test/test.js 【第44行】==> [{a: 1}, {b: 2}]0
2022-03-27-11:40:46 /Users/niruoshangzaichang/open-source-project/Xlog/test/test.js 【第44行】==> [{a: 1}, {b: 2}]0
2022-03-27-11:40:47 /Users/niruoshangzaichang/open-source-project/Xlog/test/test.js 【第44行】==> [{a: 1}, {b: 2}]0
2022-03-27-11:40:48 /Users/niruoshangzaichang/open-source-project/Xlog/test/test.js 【第44行】==> [{a: 1}, {b: 2}]0
2022-03-27-11:40:49 /Users/niruoshangzaichang/open-source-project/Xlog/test/test.js 【第44行】==> [{a: 1}, {b: 2}]0
2022-03-27-11:40:50 /Users/niruoshangzaichang/open-source-project/Xlog/test/test.js 【第44行】==> [{a: 1}, {b: 2}]0
2022-03-27-11:40:51 /Users/niruoshangzaichang/open-source-project/Xlog/test/test.js 【第44行】==> [{a: 1}, {b: 2}]0
2022-03-27-11:40:52 /Users/niruoshangzaichang/open-source-project/Xlog/test/test.js 【第44行】==> [{a: 1}, {b: 2}]0
2022-03-27-11:40:53 /Users/niruoshangzaichang/open-source-project/Xlog/test/test.js 【第44行】==> [{a: 1}, {b: 2}]0
2022-03-27-11:40:54 /Users/niruoshangzaichang/open-source-project/Xlog/test/test.js 【第44行】==> [{a: 1}, {b: 2}]0
2022-03-27-11:40:55 /Users/niruoshangzaichang/open-source-project/Xlog/test/test.js 【第44行】==> [{a: 1}, {b: 2}]0
2022-03-27-11:40:56 /Users/niruoshangzaichang/open-source-project/Xlog/test/test.js 【第44行】==> [{a: 1}, {b: 2}]0
2022-03-27-11:40:57 /Users/niruoshangzaichang/open-source-project/Xlog/test/test.js 【第44行】==> [{a: 1}, {b: 2}]0
2022-03-27-11:40:58 /Users/niruoshangzaichang/open-source-project/Xlog/test/test.js 【第44行】==> [{a: 1}, {b: 2}]0
2022-03-27-11:40:59 /Users/niruoshangzaichang/open-source-project/Xlog/test/test.js 【第44行】==> [{a: 1}, {b: 2}]0
2022-03-27-11:41:00 /Users/niruoshangzaichang/open-source-project/Xlog/test/test.js 【第44行】==> [{a: 1}, {b: 2}]0
2022-03-27-11:41:01 /Users/niruoshangzaichang/open-source-project/Xlog/test/test.js 【第44行】==> [{a: 1}, {b: 2}]0
2022-03-27-11:41:02 /Users/niruoshangzaichang/open-source-project/Xlog/test/test.js 【第44行】==> [{a: 1}, {b: 2}]0
2022-03-27-11:41:03 /Users/niruoshangzaichang/open-source-project/Xlog/test/test.js 【第44行】==> [{a: 1}, {b: 2}]0
2022-03-27-11:41:04 /Users/niruoshangzaichang/open-source-project/Xlog/test/test.js 【第44行】==> [{a: 1}, {b: 2}]0
2022-03-27-11:41:05 /Users/niruoshangzaichang/open-source-project/Xlog/test/test.js 【第44行】==> [{a: 1}, {b: 2}]0
2022-03-27-11:41:06 /Users/niruoshangzaichang/open-source-project/Xlog/test/test.js 【第44行】==> [{a: 1}, {b: 2}]0
2022-03-27-11:41:07 /Users/niruoshangzaichang/open-source-project/Xlog/test/test.js 【第44行】==> [{a: 1}, {b: 2}]0
2022-03-27-11:41:08 /Users/niruoshangzaichang/open-source-project/Xlog/test/test.js 【第44行】==> [{a: 1}, {b: 2}]0
2022-03-27-11:41:09 /Users/niruoshangzaichang/open-source-project/Xlog/test/test.js 【第44行】==> [{a: 1}, {b: 2}]0
2022-03-27-11:41:10 /Users/niruoshangzaichang/open-source-project/Xlog/test/test.js 【第44行】==> [{a: 1}, {b: 2}]0
2022-03-27-11:41:11 /Users/niruoshangzaichang/open-source-project/Xlog/test/test.js 【第44行】==> [{a: 1}, {b: 2}]0
2022-03-27-11:41:12 /Users/niruoshangzaichang/open-source-project/Xlog/test/test.js 【第44行】==> [{a: 1}, {b: 2}]0
2022-03-27-11:41:13 /Users/niruoshangzaichang/open-source-project/Xlog/test/test.js 【第44行】==> [{a: 1}, {b: 2}]0
2022-03-27-11:41:14 /Users/niruoshangzaichang/open-source-project/Xlog/test/test.js 【第44行】==> [{a: 1}, {b: 2}]0
2022-03-27-11:41:15 /Users/niruoshangzaichang/open-source-project/Xlog/test/test.js 【第44行】==> [{a: 1}, {b: 2}]0
2022-03-27-11:41:16 /Users/niruoshangzaichang/open-source-project/Xlog/test/test.js 【第44行】==> [{a: 1}, {b: 2}]0
2022-03-27-11:41:17 /Users/niruoshangzaichang/open-source-project/Xlog/test/test.js 【第44行】==> [{a: 1}, {b: 2}]0
2022-03-27-11:41:18 /Users/niruoshangzaichang/open-source-project/Xlog/test/test.js 【第44行】==> [{a: 1}, {b: 2}]0
2022-03-27-11:41:19 /Users/niruoshangzaichang/open-source-project/Xlog/test/test.js 【第44行】==> [{a: 1}, {b: 2}]0
2022-03-27-11:41:20 /Users/niruoshangzaichang/open-source-project/Xlog/test/test.js 【第44行】==> [{a: 1}, {b: 2}]0
2022-03-27-11:41:21 /Users/niruoshangzaichang/open-source-project/Xlog/test/test.js 【第44行】==> [{a: 1}, {b: 2}]0
2022-03-27-11:41:22 /Users/niruoshangzaichang/open-source-project/Xlog/test/test.js 【第44行】==> [{a: 1}, {b: 2}]0
2022-03-27-11:41:23 /Users/niruoshangzaichang/open-source-project/Xlog/test/test.js 【第44行】==> [{a: 1}, {b: 2}]0
2022-03-27-11:41:24 /Users/niruoshangzaichang/open-source-project/Xlog/test/test.js 【第44行】==> [{a: 1}, {b: 2}]0
2022-03-27-11:41:25 /Users/niruoshangzaichang/open-source-project/Xlog/test/test.js 【第44行】==> [{a: 1}, {b: 2}]0
2022-03-27-11:41:26 /Users/niruoshangzaichang/open-source-project/Xlog/test/test.js 【第44行】==> [{a: 1}, {b: 2}]0
2022-03-27-11:41:27 /Users/niruoshangzaichang/open-source-project/Xlog/test/test.js 【第44行】==> [{a: 1}, {b: 2}]0
2022-03-27-11:41:28 /Users/niruoshangzaichang/open-source-project/Xlog/test/test.js 【第44行】==> [{a: 1}, {b: 2}]0
2022-03-27-11:41:29 /Users/niruoshangzaichang/open-source-project/Xlog/test/test.js 【第44行】==> [{a: 1}, {b: 2}]0
2022-03-27-11:41:30 /Users/niruoshangzaichang/open-source-project/Xlog/test/test.js 【第44行】==> [{a: 1}, {b: 2}]0
2022-03-27-11:41:31 /Users/niruoshangzaichang/open-source-project/Xlog/test/test.js 【第44行】==> [{a: 1}, {b: 2}]0
2022-03-27-11:41:32 /Users/niruoshangzaichang/open-source-project/Xlog/test/test.js 【第44行】==> [{a: 1}, {b: 2}]0
2022-03-27-11:41:33 /Users/niruoshangzaichang/open-source-project/Xlog/test/test.js 【第44行】==> [{a: 1}, {b: 2}]0
2022-03-27-11:41:34 /Users/niruoshangzaichang/open-source-project/Xlog/test/test.js 【第44行】==> [{a: 1}, {b: 2}]0
2022-03-27-11:41:35 /Users/niruoshangzaichang/open-source-project/Xlog/test/test.js 【第44行】==> [{a: 1}, {b: 2}]0
2022-03-27-11:41:36 /Users/niruoshangzaichang/open-source-project/Xlog/test/test.js 【第44行】==> [{a: 1}, {b: 2}]0
2022-03-27-11:41:37 /Users/niruoshangzaichang/open-source-project/Xlog/test/test.js 【第44行】==> [{a: 1}, {b: 2}]0
2022-03-27-11:41:38 /Users/niruoshangzaichang/open-source-project/Xlog/test/test.js 【第44行】==> [{a: 1}, {b: 2}]0
2022-03-27-11:41:39 /Users/niruoshangzaichang/open-source-project/Xlog/test/test.js 【第44行】==> [{a: 1}, {b: 2}]0
2022-03-27-11:41:40 /Users/niruoshangzaichang/open-source-project/Xlog/test/test.js 【第44行】==> [{a: 1}, {b: 2}]0
2022-03-27-11:41:41 /Users/niruoshangzaichang/open-source-project/Xlog/test/test.js 【第44行】==> [{a: 1}, {b: 2}]0
2022-03-27-11:41:42 /Users/niruoshangzaichang/open-source-project/Xlog/test/test.js 【第44行】==> [{a: 1}, {b: 2}]0
2022-03-27-11:41:43 /Users/niruoshangzaichang/open-source-project/Xlog/test/test.js 【第44行】==> [{a: 1}, {b: 2}]0
2022-03-27-11:41:44 /Users/niruoshangzaichang/open-source-project/Xlog/test/test.js 【第44行】==> [{a: 1}, {b: 2}]0
2022-03-27-11:41:45 /Users/niruoshangzaichang/open-source-project/Xlog/test/test.js 【第44行】==> [{a: 1}, {b: 2}]0
2022-03-27-11:41:46 /Users/niruoshangzaichang/open-source-project/Xlog/test/test.js 【第44行】==> [{a: 1}, {b: 2}]0
2022-03-27-11:41:47 /Users/niruoshangzaichang/open-source-project/Xlog/test/test.js 【第44行】==> [{a: 1}, {b: 2}]0
2022-03-27-11:41:48 /Users/niruoshangzaichang/open-source-project/Xlog/test/test.js 【第44行】==> [{a: 1}, {b: 2}]0
2022-03-27-11:41:49 /Users/niruoshangzaichang/open-source-project/Xlog/test/test.js 【第44行】==> [{a: 1}, {b: 2}]0
2022-03-27-11:41:50 /Users/niruoshangzaichang/open-source-project/Xlog/test/test.js 【第44行】==> [{a: 1}, {b: 2}]0
2022-03-27-11:41:51 /Users/niruoshangzaichang/open-source-project/Xlog/test/test.js 【第44行】==> [{a: 1}, {b: 2}]0
2022-03-27-11:41:52 /Users/niruoshangzaichang/open-source-project/Xlog/test/test.js 【第44行】==> [{a: 1}, {b: 2}]0
2022-03-27-11:41:53 /Users/niruoshangzaichang/open-source-project/Xlog/test/test.js 【第44行】==> [{a: 1}, {b: 2}]0
2022-03-27-11:41:54 /Users/niruoshangzaichang/open-source-project/Xlog/test/test.js 【第44行】==> [{a: 1}, {b: 2}]0
2022-03-27-11:41:55 /Users/niruoshangzaichang/open-source-project/Xlog/test/test.js 【第44行】==> [{a: 1}, {b: 2}]0
2022-03-27-11:41:56 /Users/niruoshangzaichang/open-source-project/Xlog/test/test.js 【第44行】==> [{a: 1}, {b: 2}]0
2022-03-27-11:41:57 /Users/niruoshangzaichang/open-source-project/Xlog/test/test.js 【第44行】==> [{a: 1}, {b: 2}]0
2022-03-27-11:41:58 /Users/niruoshangzaichang/open-source-project/Xlog/test/test.js 【第44行】==> [{a: 1}, {b: 2}]0
2022-03-27-11:41:59 /Users/niruoshangzaichang/open-source-project/Xlog/test/test.js 【第44行】==> [{a: 1}, {b: 2}]0
2022-03-27-11:42:00 /Users/niruoshangzaichang/open-source-project/Xlog/test/test.js 【第44行】==> [{a: 1}, {b: 2}]0
2022-03-27-11:42:01 /Users/niruoshangzaichang/open-source-project/Xlog/test/test.js 【第44行】==> [{a: 1}, {b: 2}]0
2022-03-27-11:42:02 /Users/niruoshangzaichang/open-source-project/Xlog/test/test.js 【第44行】==> [{a: 1}, {b: 2}]0
2022-03-27-11:42:03 /Users/niruoshangzaichang/open-source-project/Xlog/test/test.js 【第44行】==> [{a: 1}, {b: 2}]0
2022-03-27-11:42:04 /Users/niruoshangzaichang/open-source-project/Xlog/test/test.js 【第44行】==> [{a: 1}, {b: 2}]0
2022-03-27-11:42:05 /Users/niruoshangzaichang/open-source-project/Xlog/test/test.js 【第44行】==> [{a: 1}, {b: 2}]0
2022-03-27-11:42:06 /Users/niruoshangzaichang/open-source-project/Xlog/test/test.js 【第44行】==> [{a: 1}, {b: 2}]0
2022-03-27-11:42:07 /Users/niruoshangzaichang/open-source-project/Xlog/test/test.js 【第44行】==> [{a: 1}, {b: 2}]0
2022-03-27-11:42:08 /Users/niruoshangzaichang/open-source-project/Xlog/test/test.js 【第44行】==> [{a: 1}, {b: 2}]0
2022-03-27-11:42:09 /Users/niruoshangzaichang/open-source-project/Xlog/test/test.js 【第44行】==> [{a: 1}, {b: 2}]0
2022-03-27-11:42:10 /Users/niruoshangzaichang/open-source-project/Xlog/test/test.js 【第44行】==> [{a: 1}, {b: 2}]0
2022-03-27-11:42:11 /Users/niruoshangzaichang/open-source-project/Xlog/test/test.js 【第44行】==> [{a: 1}, {b: 2}]0
2022-03-27-11:42:12 /Users/niruoshangzaichang/open-source-project/Xlog/test/test.js 【第44行】==> [{a: 1}, {b: 2}]0
2022-03-27-11:42:13 /Users/niruoshangzaichang/open-source-project/Xlog/test/test.js 【第44行】==> [{a: 1}, {b: 2}]0
2022-03-27-11:42:14 /Users/niruoshangzaichang/open-source-project/Xlog/test/test.js 【第44行】==> [{a: 1}, {b: 2}]0
2022-03-27-11:42:15 /Users/niruoshangzaichang/open-source-project/Xlog/test/test.js 【第44行】==> [{a: 1}, {b: 2}]0
2022-03-27-11:42:16 /Users/niruoshangzaichang/open-source-project/Xlog/test/test.js 【第44行】==> [{a: 1}, {b: 2}]0
2022-03-27-11:42:17 /Users/niruoshangzaichang/open-source-project/Xlog/test/test.js 【第44行】==> [{a: 1}, {b: 2}]0
2022-03-27-11:42:18 /Users/niruoshangzaichang/open-source-project/Xlog/test/test.js 【第44行】==> [{a: 1}, {b: 2}]0
2022-03-27-11:42:19 /Users/niruoshangzaichang/open-source-project/Xlog/test/test.js 【第44行】==> [{a: 1}, {b: 2}]0
2022-03-27-11:42:20 /Users/niruoshangzaichang/open-source-project/Xlog/test/test.js 【第44行】==> [{a: 1}, {b: 2}]0
2022-03-27-11:42:21 /Users/niruoshangzaichang/open-source-project/Xlog/test/test.js 【第44行】==> [{a: 1}, {b: 2}]0
2022-03-27-11:42:22 /Users/niruoshangzaichang/open-source-project/Xlog/test/test.js 【第44行】==> [{a: 1}, {b: 2}]0
2022-03-27-11:42:23 /Users/niruoshangzaichang/open-source-project/Xlog/test/test.js 【第44行】==> [{a: 1}, {b: 2}]0
2022-03-27-11:42:24 /Users/niruoshangzaichang/open-source-project/Xlog/test/test.js 【第44行】==> [{a: 1}, {b: 2}]0
2022-03-27-11:42:25 /Users/niruoshangzaichang/open-source-project/Xlog/test/test.js 【第44行】==> [{a: 1}, {b: 2}]0
2022-03-27-11:42:26 /Users/niruoshangzaichang/open-source-project/Xlog/test/test.js 【第44行】==> [{a: 1}, {b: 2}]0
2022-03-27-11:42:27 /Users/niruoshangzaichang/open-source-project/Xlog/test/test.js 【第44行】==> [{a: 1}, {b: 2}]0
2022-03-27-11:42:28 /Users/niruoshangzaichang/open-source-project/Xlog/test/test.js 【第44行】==> [{a: 1}, {b: 2}]0
2022-03-27-11:42:29 /Users/niruoshangzaichang/open-source-project/Xlog/test/test.js 【第44行】==> [{a: 1}, {b: 2}]0
2022-03-27-11:42:30 /Users/niruoshangzaichang/open-source-project/Xlog/test/test.js 【第44行】==> [{a: 1}, {b: 2}]0
2022-03-27-11:42:31 /Users/niruoshangzaichang/open-source-project/Xlog/test/test.js 【第44行】==> [{a: 1}, {b: 2}]0
2022-03-27-11:42:32 /Users/niruoshangzaichang/open-source-project/Xlog/test/test.js 【第44行】==> [{a: 1}, {b: 2}]0
2022-03-27-11:42:33 /Users/niruoshangzaichang/open-source-project/Xlog/test/test.js 【第44行】==> [{a: 1}, {b: 2}]0
2022-03-27-11:42:34 /Users/niruoshangzaichang/open-source-project/Xlog/test/test.js 【第44行】==> [{a: 1}, {b: 2}]0
2022-03-27-11:42:35 /Users/niruoshangzaichang/open-source-project/Xlog/test/test.js 【第44行】==> [{a: 1}, {b: 2}]0
2022-03-27-11:42:36 /Users/niruoshangzaichang/open-source-project/Xlog/test/test.js 【第44行】==> [{a: 1}, {b: 2}]0
2022-03-27-11:42:37 /Users/niruoshangzaichang/open-source-project/Xlog/test/test.js 【第44行】==> [{a: 1}, {b: 2}]0
2022-03-27-11:42:38 /Users/niruoshangzaichang/open-source-project/Xlog/test/test.js 【第44行】==> [{a: 1}, {b: 2}]0
2022-03-27-11:42:39 /Users/niruoshangzaichang/open-source-project/Xlog/test/test.js 【第44行】==> [{a: 1}, {b: 2}]0
2022-03-27-11:42:40 /Users/niruoshangzaichang/open-source-project/Xlog/test/test.js 【第44行】==> [{a: 1}, {b: 2}]0
2022-03-27-11:42:41 /Users/niruoshangzaichang/open-source-project/Xlog/test/test.js 【第44行】==> [{a: 1}, {b: 2}]0
2022-03-27-11:42:42 /Users/niruoshangzaichang/open-source-project/Xlog/test/test.js 【第44行】==> [{a: 1}, {b: 2}]0
2022-03-27-11:42:43 /Users/niruoshangzaichang/open-source-project/Xlog/test/test.js 【第44行】==> [{a: 1}, {b: 2}]0
2022-03-27-11:42:44 /Users/niruoshangzaichang/open-source-project/Xlog/test/test.js 【第44行】==> [{a: 1}, {b: 2}]0
2022-03-27-11:42:45 /Users/niruoshangzaichang/open-source-project/Xlog/test/test.js 【第44行】==> [{a: 1}, {b: 2}]0
2022-03-27-11:42:46 /Users/niruoshangzaichang/open-source-project/Xlog/test/test.js 【第44行】==> [{a: 1}, {b: 2}]0
2022-03-27-11:42:47 /Users/niruoshangzaichang/open-source-project/Xlog/test/test.js 【第44行】==> [{a: 1}, {b: 2}]0
2022-03-27-11:42:48 /Users/niruoshangzaichang/open-source-project/Xlog/test/test.js 【第44行】==> [{a: 1}, {b: 2}]0
2022-03-27-11:42:49 /Users/niruoshangzaichang/open-source-project/Xlog/test/test.js 【第44行】==> [{a: 1}, {b: 2}]0
2022-03-27-11:42:50 /Users/niruoshangzaichang/open-source-project/Xlog/test/test.js 【第44行】==> [{a: 1}, {b: 2}]0
2022-03-27-11:42:51 /Users/niruoshangzaichang/open-source-project/Xlog/test/test.js 【第44行】==> [{a: 1}, {b: 2}]0
2022-03-27-11:42:52 /Users/niruoshangzaichang/open-source-project/Xlog/test/test.js 【第44行】==> [{a: 1}, {b: 2}]0
2022-03-27-11:42:53 /Users/niruoshangzaichang/open-source-project/Xlog/test/test.js 【第44行】==> [{a: 1}, {b: 2}]0
2022-03-27-11:42:54 /Users/niruoshangzaichang/open-source-project/Xlog/test/test.js 【第44行】==> [{a: 1}, {b: 2}]0
2022-03-27-11:42:55 /Users/niruoshangzaichang/open-source-project/Xlog/test/test.js 【第44行】==> [{a: 1}, {b: 2}]0
2022-03-27-11:42:56 /Users/niruoshangzaichang/open-source-project/Xlog/test/test.js 【第44行】==> [{a: 1}, {b: 2}]0
2022-03-27-11:42:57 /Users/niruoshangzaichang/open-source-project/Xlog/test/test.js 【第44行】==> [{a: 1}, {b: 2}]0
2022-03-27-11:42:58 /Users/niruoshangzaichang/open-source-project/Xlog/test/test.js 【第44行】==> [{a: 1}, {b: 2}]0
2022-03-27-11:42:59 /Users/niruoshangzaichang/open-source-project/Xlog/test/test.js 【第44行】==> [{a: 1}, {b: 2}]0
2022-03-27-11:43:00 /Users/niruoshangzaichang/open-source-project/Xlog/test/test.js 【第44行】==> [{a: 1}, {b: 2}]0
2022-03-27-11:43:01 /Users/niruoshangzaichang/open-source-project/Xlog/test/test.js 【第44行】==> [{a: 1}, {b: 2}]0
2022-03-27-11:43:02 /Users/niruoshangzaichang/open-source-project/Xlog/test/test.js 【第44行】==> [{a: 1}, {b: 2}]0
2022-03-27-11:43:03 /Users/niruoshangzaichang/open-source-project/Xlog/test/test.js 【第44行】==> [{a: 1}, {b: 2}]0
2022-03-27-11:43:04 /Users/niruoshangzaichang/open-source-project/Xlog/test/test.js 【第44行】==> [{a: 1}, {b: 2}]0
2022-03-27-11:43:05 /Users/niruoshangzaichang/open-source-project/Xlog/test/test.js 【第44行】==> [{a: 1}, {b: 2}]0
2022-03-27-11:43:06 /Users/niruoshangzaichang/open-source-project/Xlog/test/test.js 【第44行】==> [{a: 1}, {b: 2}]0
2022-03-27-11:43:07 /Users/niruoshangzaichang/open-source-project/Xlog/test/test.js 【第44行】==> [{a: 1}, {b: 2}]0
2022-03-27-11:43:08 /Users/niruoshangzaichang/open-source-project/Xlog/test/test.js 【第44行】==> [{a: 1}, {b: 2}]0
2022-03-27-11:43:09 /Users/niruoshangzaichang/open-source-project/Xlog/test/test.js 【第44行】==> [{a: 1}, {b: 2}]0
2022-03-27-11:43:11 /Users/niruoshangzaichang/open-source-project/Xlog/test/test.js 【第44行】==> [{a: 1}, {b: 2}]0
2022-03-27-11:43:12 /Users/niruoshangzaichang/open-source-project/Xlog/test/test.js 【第44行】==> [{a: 1}, {b: 2}]0
2022-03-27-11:43:13 /Users/niruoshangzaichang/open-source-project/Xlog/test/test.js 【第44行】==> [{a: 1}, {b: 2}]0
2022-03-27-11:43:14 /Users/niruoshangzaichang/open-source-project/Xlog/test/test.js 【第44行】==> [{a: 1}, {b: 2}]0
2022-03-27-11:43:15 /Users/niruoshangzaichang/open-source-project/Xlog/test/test.js 【第44行】==> [{a: 1}, {b: 2}]0
2022-03-27-11:43:16 /Users/niruoshangzaichang/open-source-project/Xlog/test/test.js 【第44行】==> [{a: 1}, {b: 2}]0
2022-03-27-11:43:17 /Users/niruoshangzaichang/open-source-project/Xlog/test/test.js 【第44行】==> [{a: 1}, {b: 2}]0
2022-03-27-11:43:18 /Users/niruoshangzaichang/open-source-project/Xlog/test/test.js 【第44行】==> [{a: 1}, {b: 2}]0
2022-03-27-11:43:19 /Users/niruoshangzaichang/open-source-project/Xlog/test/test.js 【第44行】==> [{a: 1}, {b: 2}]0
2022-03-27-11:43:20 /Users/niruoshangzaichang/open-source-project/Xlog/test/test.js 【第44行】==> [{a: 1}, {b: 2}]0
2022-03-27-11:43:21 /Users/niruoshangzaichang/open-source-project/Xlog/test/test.js 【第44行】==> [{a: 1}, {b: 2}]0
2022-03-27-11:43:22 /Users/niruoshangzaichang/open-source-project/Xlog/test/test.js 【第44行】==> [{a: 1}, {b: 2}]0
2022-03-27-11:43:23 /Users/niruoshangzaichang/open-source-project/Xlog/test/test.js 【第44行】==> [{a: 1}, {b: 2}]0
2022-03-27-11:43:24 /Users/niruoshangzaichang/open-source-project/Xlog/test/test.js 【第44行】==> [{a: 1}, {b: 2}]0
2022-03-27-11:43:25 /Users/niruoshangzaichang/open-source-project/Xlog/test/test.js 【第44行】==> [{a: 1}, {b: 2}]0
2022-03-27-11:43:26 /Users/niruoshangzaichang/open-source-project/Xlog/test/test.js 【第44行】==> [{a: 1}, {b: 2}]0
2022-03-27-11:43:27 /Users/niruoshangzaichang/open-source-project/Xlog/test/test.js 【第44行】==> [{a: 1}, {b: 2}]0
2022-03-27-11:43:28 /Users/niruoshangzaichang/open-source-project/Xlog/test/test.js 【第44行】==> [{a: 1}, {b: 2}]0
2022-03-27-11:43:29 /Users/niruoshangzaichang/open-source-project/Xlog/test/test.js 【第44行】==> [{a: 1}, {b: 2}]0
2022-03-27-11:43:30 /Users/niruoshangzaichang/open-source-project/Xlog/test/test.js 【第44行】==> [{a: 1}, {b: 2}]0
2022-03-27-11:43:31 /Users/niruoshangzaichang/open-source-project/Xlog/test/test.js 【第44行】==> [{a: 1}, {b: 2}]0
2022-03-27-11:43:32 /Users/niruoshangzaichang/open-source-project/Xlog/test/test.js 【第44行】==> [{a: 1}, {b: 2}]0
2022-03-27-11:43:33 /Users/niruoshangzaichang/open-source-project/Xlog/test/test.js 【第44行】==> [{a: 1}, {b: 2}]0
2022-03-27-11:43:34 /Users/niruoshangzaichang/open-source-project/Xlog/test/test.js 【第44行】==> [{a: 1}, {b: 2}]0
2022-03-27-11:43:35 /Users/niruoshangzaichang/open-source-project/Xlog/test/test.js 【第44行】==> [{a: 1}, {b: 2}]0
2022-03-27-11:43:36 /Users/niruoshangzaichang/open-source-project/Xlog/test/test.js 【第44行】==> [{a: 1}, {b: 2}]0
2022-03-27-11:43:37 /Users/niruoshangzaichang/open-source-project/Xlog/test/test.js 【第44行】==> [{a: 1}, {b: 2}]0
2022-03-27-11:43:38 /Users/niruoshangzaichang/open-source-project/Xlog/test/test.js 【第44行】==> [{a: 1}, {b: 2}]0
2022-03-27-11:43:39 /Users/niruoshangzaichang/open-source-project/Xlog/test/test.js 【第44行】==> [{a: 1}, {b: 2}]0
2022-03-27-11:43:40 /Users/niruoshangzaichang/open-source-project/Xlog/test/test.js 【第44行】==> [{a: 1}, {b: 2}]0
2022-03-27-11:43:41 /Users/niruoshangzaichang/open-source-project/Xlog/test/test.js 【第44行】==> [{a: 1}, {b: 2}]0
2022-03-27-11:43:42 /Users/niruoshangzaichang/open-source-project/Xlog/test/test.js 【第44行】==> [{a: 1}, {b: 2}]0
2022-03-27-11:43:43 /Users/niruoshangzaichang/open-source-project/Xlog/test/test.js 【第44行】==> [{a: 1}, {b: 2}]0
2022-03-27-11:43:44 /Users/niruoshangzaichang/open-source-project/Xlog/test/test.js 【第44行】==> [{a: 1}, {b: 2}]0
2022-03-27-11:43:45 /Users/niruoshangzaichang/open-source-project/Xlog/test/test.js 【第44行】==> [{a: 1}, {b: 2}]0
2022-03-27-11:43:46 /Users/niruoshangzaichang/open-source-project/Xlog/test/test.js 【第44行】==> [{a: 1}, {b: 2}]0
2022-03-27-11:43:47 /Users/niruoshangzaichang/open-source-project/Xlog/test/test.js 【第44行】==> [{a: 1}, {b: 2}]0
2022-03-27-11:43:48 /Users/niruoshangzaichang/open-source-project/Xlog/test/test.js 【第44行】==> [{a: 1}, {b: 2}]0
2022-03-27-11:43:49 /Users/niruoshangzaichang/open-source-project/Xlog/test/test.js 【第44行】==> [{a: 1}, {b: 2}]0
2022-03-27-11:43:50 /Users/niruoshangzaichang/open-source-project/Xlog/test/test.js 【第44行】==> [{a: 1}, {b: 2}]0
2022-03-27-11:43:51 /Users/niruoshangzaichang/open-source-project/Xlog/test/test.js 【第44行】==> [{a: 1}, {b: 2}]0
2022-03-27-11:43:52 /Users/niruoshangzaichang/open-source-project/Xlog/test/test.js 【第44行】==> [{a: 1}, {b: 2}]0
2022-03-27-11:43:53 /Users/niruoshangzaichang/open-source-project/Xlog/test/test.js 【第44行】==> [{a: 1}, {b: 2}]0
2022-03-27-11:43:54 /Users/niruoshangzaichang/open-source-project/Xlog/test/test.js 【第44行】==> [{a: 1}, {b: 2}]0
2022-03-27-11:43:55 /Users/niruoshangzaichang/open-source-project/Xlog/test/test.js 【第44行】==> [{a: 1}, {b: 2}]0
2022-03-27-11:43:56 /Users/niruoshangzaichang/open-source-project/Xlog/test/test.js 【第44行】==> [{a: 1}, {b: 2}]0
2022-03-27-11:43:57 /Users/niruoshangzaichang/open-source-project/Xlog/test/test.js 【第44行】==> [{a: 1}, {b: 2}]0
2022-03-27-11:43:58 /Users/niruoshangzaichang/open-source-project/Xlog/test/test.js 【第44行】==> [{a: 1}, {b: 2}]0
2022-03-27-11:43:59 /Users/niruoshangzaichang/open-source-project/Xlog/test/test.js 【第44行】==> [{a: 1}, {b: 2}]0
2022-03-27-11:44:00 /Users/niruoshangzaichang/open-source-project/Xlog/test/test.js 【第44行】==> [{a: 1}, {b: 2}]0
2022-03-27-11:44:01 /Users/niruoshangzaichang/open-source-project/Xlog/test/test.js 【第44行】==> [{a: 1}, {b: 2}]0
2022-03-27-11:44:02 /Users/niruoshangzaichang/open-source-project/Xlog/test/test.js 【第44行】==> [{a: 1}, {b: 2}]0
2022-03-27-11:44:03 /Users/niruoshangzaichang/open-source-project/Xlog/test/test.js 【第44行】==> [{a: 1}, {b: 2}]0
2022-03-27-11:44:04 /Users/niruoshangzaichang/open-source-project/Xlog/test/test.js 【第44行】==> [{a: 1}, {b: 2}]0
2022-03-27-11:44:05 /Users/niruoshangzaichang/open-source-project/Xlog/test/test.js 【第44行】==> [{a: 1}, {b: 2}]0
2022-03-27-11:44:06 /Users/niruoshangzaichang/open-source-project/Xlog/test/test.js 【第44行】==> [{a: 1}, {b: 2}]0
2022-03-27-11:44:07 /Users/niruoshangzaichang/open-source-project/Xlog/test/test.js 【第44行】==> [{a: 1}, {b: 2}]0
2022-03-27-11:44:08 /Users/niruoshangzaichang/open-source-project/Xlog/test/test.js 【第44行】==> [{a: 1}, {b: 2}]0
2022-03-27-11:44:09 /Users/niruoshangzaichang/open-source-project/Xlog/test/test.js 【第44行】==> [{a: 1}, {b: 2}]0
2022-03-27-11:44:10 /Users/niruoshangzaichang/open-source-project/Xlog/test/test.js 【第44行】==> [{a: 1}, {b: 2}]0
2022-03-27-11:44:11 /Users/niruoshangzaichang/open-source-project/Xlog/test/test.js 【第44行】==> [{a: 1}, {b: 2}]0
2022-03-27-11:44:12 /Users/niruoshangzaichang/open-source-project/Xlog/test/test.js 【第44行】==> [{a: 1}, {b: 2}]0
2022-03-27-11:44:13 /Users/niruoshangzaichang/open-source-project/Xlog/test/test.js 【第44行】==> [{a: 1}, {b: 2}]0
2022-03-27-11:44:14 /Users/niruoshangzaichang/open-source-project/Xlog/test/test.js 【第44行】==> [{a: 1}, {b: 2}]0
2022-03-27-11:44:15 /Users/niruoshangzaichang/open-source-project/Xlog/test/test.js 【第44行】==> [{a: 1}, {b: 2}]0
2022-03-27-11:44:16 /Users/niruoshangzaichang/open-source-project/Xlog/test/test.js 【第44行】==> [{a: 1}, {b: 2}]0
2022-03-27-11:44:17 /Users/niruoshangzaichang/open-source-project/Xlog/test/test.js 【第44行】==> [{a: 1}, {b: 2}]0
2022-03-27-11:44:18 /Users/niruoshangzaichang/open-source-project/Xlog/test/test.js 【第44行】==> [{a: 1}, {b: 2}]0
2022-03-27-11:44:19 /Users/niruoshangzaichang/open-source-project/Xlog/test/test.js 【第44行】==> [{a: 1}, {b: 2}]0
2022-03-27-11:44:20 /Users/niruoshangzaichang/open-source-project/Xlog/test/test.js 【第44行】==> [{a: 1}, {b: 2}]0
2022-03-27-11:44:21 /Users/niruoshangzaichang/open-source-project/Xlog/test/test.js 【第44行】==> [{a: 1}, {b: 2}]0
2022-03-27-11:44:22 /Users/niruoshangzaichang/open-source-project/Xlog/test/test.js 【第44行】==> [{a: 1}, {b: 2}]0
2022-03-27-11:44:23 /Users/niruoshangzaichang/open-source-project/Xlog/test/test.js 【第44行】==> [{a: 1}, {b: 2}]0
2022-03-27-11:44:24 /Users/niruoshangzaichang/open-source-project/Xlog/test/test.js 【第44行】==> [{a: 1}, {b: 2}]0
2022-03-27-11:44:25 /Users/niruoshangzaichang/open-source-project/Xlog/test/test.js 【第44行】==> [{a: 1}, {b: 2}]0
2022-03-27-11:44:26 /Users/niruoshangzaichang/open-source-project/Xlog/test/test.js 【第44行】==> [{a: 1}, {b: 2}]0
2022-03-27-11:44:27 /Users/niruoshangzaichang/open-source-project/Xlog/test/test.js 【第44行】==> [{a: 1}, {b: 2}]0
2022-03-27-11:44:28 /Users/niruoshangzaichang/open-source-project/Xlog/test/test.js 【第44行】==> [{a: 1}, {b: 2}]0
2022-03-27-11:44:29 /Users/niruoshangzaichang/open-source-project/Xlog/test/test.js 【第44行】==> [{a: 1}, {b: 2}]0
2022-03-27-11:44:30 /Users/niruoshangzaichang/open-source-project/Xlog/test/test.js 【第44行】==> [{a: 1}, {b: 2}]0
2022-03-27-11:44:31 /Users/niruoshangzaichang/open-source-project/Xlog/test/test.js 【第44行】==> [{a: 1}, {b: 2}]0
2022-03-27-11:44:32 /Users/niruoshangzaichang/open-source-project/Xlog/test/test.js 【第44行】==> [{a: 1}, {b: 2}]0
2022-03-27-11:44:33 /Users/niruoshangzaichang/open-source-project/Xlog/test/test.js 【第44行】==> [{a: 1}, {b: 2}]0
2022-03-27-11:44:34 /Users/niruoshangzaichang/open-source-project/Xlog/test/test.js 【第44行】==> [{a: 1}, {b: 2}]0
2022-03-27-11:44:35 /Users/niruoshangzaichang/open-source-project/Xlog/test/test.js 【第44行】==> [{a: 1}, {b: 2}]0
2022-03-27-11:44:36 /Users/niruoshangzaichang/open-source-project/Xlog/test/test.js 【第44行】==> [{a: 1}, {b: 2}]0
2022-03-27-11:44:37 /Users/niruoshangzaichang/open-source-project/Xlog/test/test.js 【第44行】==> [{a: 1}, {b: 2}]0
2022-03-27-11:44:38 /Users/niruoshangzaichang/open-source-project/Xlog/test/test.js 【第44行】==> [{a: 1}, {b: 2}]0
2022-03-27-11:44:39 /Users/niruoshangzaichang/open-source-project/Xlog/test/test.js 【第44行】==> [{a: 1}, {b: 2}]0
2022-03-27-11:44:40 /Users/niruoshangzaichang/open-source-project/Xlog/test/test.js 【第44行】==> [{a: 1}, {b: 2}]0
2022-03-27-11:44:41 /Users/niruoshangzaichang/open-source-project/Xlog/test/test.js 【第44行】==> [{a: 1}, {b: 2}]0
2022-03-27-11:44:42 /Users/niruoshangzaichang/open-source-project/Xlog/test/test.js 【第44行】==> [{a: 1}, {b: 2}]0
2022-03-27-11:44:43 /Users/niruoshangzaichang/open-source-project/Xlog/test/test.js 【第44行】==> [{a: 1}, {b: 2}]0
2022-03-27-11:44:44 /Users/niruoshangzaichang/open-source-project/Xlog/test/test.js 【第44行】==> [{a: 1}, {b: 2}]0
2022-03-27-11:44:45 /Users/niruoshangzaichang/open-source-project/Xlog/test/test.js 【第44行】==> [{a: 1}, {b: 2}]0
2022-03-27-11:44:46 /Users/niruoshangzaichang/open-source-project/Xlog/test/test.js 【第44行】==> [{a: 1}, {b: 2}]0
2022-03-27-11:44:47 /Users/niruoshangzaichang/open-source-project/Xlog/test/test.js 【第44行】==> [{a: 1}, {b: 2}]0
2022-03-27-11:44:48 /Users/niruoshangzaichang/open-source-project/Xlog/test/test.js 【第44行】==> [{a: 1}, {b: 2}]0
2022-03-27-11:44:49 /Users/niruoshangzaichang/open-source-project/Xlog/test/test.js 【第44行】==> [{a: 1}, {b: 2}]0
2022-03-27-11:44:50 /Users/niruoshangzaichang/open-source-project/Xlog/test/test.js 【第44行】==> [{a: 1}, {b: 2}]0
2022-03-27-11:44:51 /Users/niruoshangzaichang/open-source-project/Xlog/test/test.js 【第44行】==> [{a: 1}, {b: 2}]0
2022-03-27-11:44:52 /Users/niruoshangzaichang/open-source-project/Xlog/test/test.js 【第44行】==> [{a: 1}, {b: 2}]0
2022-03-27-11:44:53 /Users/niruoshangzaichang/open-source-project/Xlog/test/test.js 【第44行】==> [{a: 1}, {b: 2}]0
2022-03-27-11:44:54 /Users/niruoshangzaichang/open-source-project/Xlog/test/test.js 【第44行】==> [{a: 1}, {b: 2}]0
2022-03-27-11:44:55 /Users/niruoshangzaichang/open-source-project/Xlog/test/test.js 【第44行】==> [{a: 1}, {b: 2}]0
2022-03-27-11:44:56 /Users/niruoshangzaichang/open-source-project/Xlog/test/test.js 【第44行】==> [{a: 1}, {b: 2}]0
2022-03-27-11:44:57 /Users/niruoshangzaichang/open-source-project/Xlog/test/test.js 【第44行】==> [{a: 1}, {b: 2}]0
