2022-05-12 08:56:14 X:\my-open-project\Xlog\test\test.js 【第8行】==> "asdasda"
2022-05-12 08:56:14 X:\my-open-project\Xlog\test\test.js 【第8行】==> "asdasda"
2022-05-12 08:57:45 X:\my-open-project\Xlog\test\test.js 【第8行】==> "asdasda"
2022-05-12 08:57:46 X:\my-open-project\Xlog\dist\main.js 【第17763行】==> "开始删除日志"
2022-05-12 08:57:46 X:\my-open-project\Xlog\test\test.js 【第8行】==> "asdasda"
2022-05-12 08:57:47 X:\my-open-project\Xlog\test\test.js 【第8行】==> "asdasda"
2022-05-12 08:57:48 X:\my-open-project\Xlog\dist\main.js 【第17763行】==> "开始删除日志"
2022-05-12 08:57:48 X:\my-open-project\Xlog\test\test.js 【第8行】==> "asdasda"
2022-05-12 08:57:49 X:\my-open-project\Xlog\test\test.js 【第8行】==> "asdasda"
2022-05-12 08:57:50 X:\my-open-project\Xlog\dist\main.js 【第17763行】==> "开始删除日志"
2022-05-12 08:57:50 X:\my-open-project\Xlog\test\test.js 【第8行】==> "asdasda"
2022-05-12 08:57:51 X:\my-open-project\Xlog\test\test.js 【第8行】==> "asdasda"
2022-05-12 08:57:52 X:\my-open-project\Xlog\dist\main.js 【第17763行】==> "开始删除日志"
2022-05-12 08:58:24 X:\my-open-project\Xlog\dist\main.js 【第17763行】==> "开始删除日志"
2022-05-12 08:58:24 X:\my-open-project\Xlog\test\test.js 【第8行】==> "asdasda"
2022-05-12 08:58:25 X:\my-open-project\Xlog\test\test.js 【第8行】==> "asdasda"
2022-05-12 08:58:26 X:\my-open-project\Xlog\dist\main.js 【第17763行】==> "开始删除日志"
2022-05-12 08:58:26 X:\my-open-project\Xlog\test\test.js 【第8行】==> "asdasda"
2022-05-12 08:58:27 X:\my-open-project\Xlog\test\test.js 【第8行】==> "asdasda"
2022-05-12 08:58:28 X:\my-open-project\Xlog\dist\main.js 【第17763行】==> "开始删除日志"
2022-05-12 08:58:28 X:\my-open-project\Xlog\test\test.js 【第8行】==> "asdasda"
2022-05-12 08:58:29 X:\my-open-project\Xlog\test\test.js 【第8行】==> "asdasda"
2022-05-12 08:58:30 X:\my-open-project\Xlog\dist\main.js 【第17763行】==> "开始删除日志"
2022-05-12 08:58:30 X:\my-open-project\Xlog\test\test.js 【第8行】==> "asdasda"
2022-05-12 08:59:54 X:\my-open-project\Xlog\dist\main.js 【第17763行】==> "开始删除日志"
2022-05-12 08:59:54 X:\my-open-project\Xlog\test\test.js 【第8行】==> "asdasda"
2022-05-12 08:59:55 X:\my-open-project\Xlog\test\test.js 【第8行】==> "asdasda"
2022-05-12 08:59:56 X:\my-open-project\Xlog\dist\main.js 【第17763行】==> "开始删除日志"
2022-05-12 08:59:56 X:\my-open-project\Xlog\test\test.js 【第8行】==> "asdasda"
2022-05-12 08:59:58 X:\my-open-project\Xlog\dist\main.js 【第17763行】==> "开始删除日志"
2022-05-12 08:59:58 X:\my-open-project\Xlog\test\test.js 【第8行】==> "asdasda"
2022-05-12 08:59:59 X:\my-open-project\Xlog\test\test.js 【第8行】==> "asdasda"
2022-05-12 09:00:00 X:\my-open-project\Xlog\dist\main.js 【第17763行】==> "开始删除日志"
2022-05-12 09:00:00 X:\my-open-project\Xlog\test\test.js 【第8行】==> "asdasda"
2022-05-12 09:00:50 X:\my-open-project\Xlog\dist\main.js 【第17763行】==> "开始删除日志"
2022-05-12 09:00:50 X:\my-open-project\Xlog\test\test.js 【第8行】==> "asdasda"
2022-05-12 09:00:51 X:\my-open-project\Xlog\test\test.js 【第8行】==> "asdasda"
2022-05-12 09:00:52 X:\my-open-project\Xlog\dist\main.js 【第17763行】==> "开始删除日志"
2022-05-12 09:00:52 X:\my-open-project\Xlog\test\test.js 【第8行】==> "asdasda"
2022-05-12 09:00:53 X:\my-open-project\Xlog\test\test.js 【第8行】==> "asdasda"
2022-05-12 09:01:23 X:\my-open-project\Xlog\test\test.js 【第8行】==> "asdasda"
2022-05-12 09:01:24 X:\my-open-project\Xlog\dist\main.js 【第17763行】==> "开始删除日志"
2022-05-12 09:01:24 X:\my-open-project\Xlog\test\test.js 【第8行】==> "asdasda"
2022-05-12 09:01:25 X:\my-open-project\Xlog\test\test.js 【第8行】==> "asdasda"
2022-05-12 09:01:26 X:\my-open-project\Xlog\dist\main.js 【第17763行】==> "开始删除日志"
2022-05-12 09:01:26 X:\my-open-project\Xlog\test\test.js 【第8行】==> "asdasda"
2022-05-12 09:01:30 X:\my-open-project\Xlog\dist\main.js 【第17763行】==> "开始删除日志"
2022-05-12 09:01:30 X:\my-open-project\Xlog\test\test.js 【第8行】==> "asdasda"
2022-05-12 09:01:31 X:\my-open-project\Xlog\test\test.js 【第8行】==> "asdasda"
2022-05-12 09:01:32 X:\my-open-project\Xlog\dist\main.js 【第17763行】==> "开始删除日志"
2022-05-12 09:01:45 X:\my-open-project\Xlog\test\test.js 【第8行】==> "asdasda"
2022-05-12 09:01:46 X:\my-open-project\Xlog\dist\main.js 【第17763行】==> "开始删除日志"
2022-05-12 09:01:46 X:\my-open-project\Xlog\dist\main.js 【第17782行】==> "无可清除日志!"
2022-05-12 09:01:46 X:\my-open-project\Xlog\test\test.js 【第8行】==> "asdasda"
2022-05-12 09:01:47 X:\my-open-project\Xlog\test\test.js 【第8行】==> "asdasda"
2022-05-12 09:01:48 X:\my-open-project\Xlog\dist\main.js 【第17763行】==> "开始删除日志"
2022-05-12 09:01:48 X:\my-open-project\Xlog\dist\main.js 【第17782行】==> "无可清除日志!"
2022-05-12 09:04:54 X:\my-open-project\Xlog\dist\main.js 【第17763行】==> "开始删除日志"
2022-05-12 09:04:54 X:\my-open-project\Xlog\dist\main.js 【第17776行】==> "清除 deadad_2022-04-29.log"
2022-05-12 09:04:54 X:\my-open-project\Xlog\test\test.js 【第8行】==> "asdasda"
2022-05-12 09:04:55 X:\my-open-project\Xlog\test\test.js 【第8行】==> "asdasda"
2022-05-12 09:04:56 X:\my-open-project\Xlog\dist\main.js 【第17763行】==> "开始删除日志"
2022-05-12 09:04:56 X:\my-open-project\Xlog\dist\main.js 【第17782行】==> "无可清除日志!"
2022-05-12 09:04:56 X:\my-open-project\Xlog\test\test.js 【第8行】==> "asdasda"
2022-05-12 09:04:57 X:\my-open-project\Xlog\test\test.js 【第8行】==> "asdasda"
2022-05-12 09:04:58 X:\my-open-project\Xlog\dist\main.js 【第17763行】==> "开始删除日志"
2022-05-12 09:04:58 X:\my-open-project\Xlog\dist\main.js 【第17782行】==> "无可清除日志!"
2022-05-12 09:04:58 X:\my-open-project\Xlog\test\test.js 【第8行】==> "asdasda"
2022-05-12 09:04:59 X:\my-open-project\Xlog\test\test.js 【第8行】==> "asdasda"
2022-05-12 09:16:26 X:\my-open-project\Xlog\test\test_production_xlog.js 【第5行】==> "sada"
2022-05-12 09:20:42 X:\my-open-project\Xlog\test\test_production_xlog.js 【第7行】==> "sada"
2022-05-12 09:20:54 X:\my-open-project\Xlog\test\test_production_xlog.js 【第7行】==> "sada"
2022-05-12 09:21:19 X:\my-open-project\Xlog\test\test_production_xlog.js 【第7行】==> "sada"
2022-05-12 09:22:00 X:\my-open-project\Xlog\dist\main.js 【第17764行】==> "开始删除日志"
2022-05-12 09:22:00 X:\my-open-project\Xlog\dist\main.js 【第17783行】==> "无可清除日志!"
2022-05-12 09:22:15 X:\my-open-project\Xlog\test\test_production_xlog.js 【第7行】==> "sada"
2022-05-12 09:22:28 X:\my-open-project\Xlog\test\test_production_xlog.js 【第7行】==> "sada"
2022-05-12 09:23:00 X:\my-open-project\Xlog\dist\main.js 【第17764行】==> "开始删除日志"
2022-05-12 09:23:00 X:\my-open-project\Xlog\dist\main.js 【第17783行】==> "无可清除日志!"
2022-05-12 09:23:07 X:\my-open-project\Xlog\test\test_production_xlog.js 【第7行】==> "sada"
2022-05-12 09:28:37 X:\my-open-project\Xlog\test\test_production_xlog.js 【第7行】==> "sada"
